<?xml version="1.0" encoding="UTF-8"?>
<!-- Generated by org.testng.reporters.JUnitReportReporter -->
<testsuite hostname="DESKTOP-FFI3KFC" failures="0" tests="1" name="driverFactory.AppTest" time="76.239" errors="0" timestamp="2024-11-18T10:26:47 IST" skipped="0">
  <testcase classname="driverFactory.AppTest" name="startTest" time="76.239">
    <system-out>
      <![CDATA[No of rows are::7
Add Employee Sucess::0935    0935
Add Employee Sucess::0936    0936
Add Employee Sucess::0937    0937
Add Employee Sucess::0938    0938
Add Employee Sucess::0939    0939
Add Employee Sucess::0940    0940
Add Employee Sucess::0941    0941]]>
    </system-out>
  </testcase> <!-- startTest -->
  <system-out>
    <![CDATA[No of rows are::7
Add Employee Sucess::0935    0935
Add Employee Sucess::0936    0936
Add Employee Sucess::0937    0937
Add Employee Sucess::0938    0938
Add Employee Sucess::0939    0939
Add Employee Sucess::0940    0940
Add Employee Sucess::0941    0941]]>
  </system-out>
</testsuite> <!-- driverFactory.AppTest -->
